<?xml version="1.0" encoding="UTF-8"?>
<!-- Generated by org.testng.reporters.JUnitReportReporter -->
<testsuite hostname="DESKTOP-ELBD4Q4" failures="0" tests="13" name="portals.testCases.Agent.A2ATransfer" time="1120.305" errors="0" timestamp="2022-08-26T12:57:07 IST" skipped="0">
  <testcase classname="portals.testCases.Agent.A2ATransfer" name="CheckCommissionBalanceFormDashboard" time="24.660"/>
  <system-out>
    <![CDATA[Click On Check Balance
Enter Secret PIN : 8454
Click On Submit Button for Check Balance
Current Commission Balance is: 2970.0]]>
  </system-out>
  <testcase classname="portals.testCases.Agent.A2ATransfer" name="CheckBalanceFormDashboard" time="43.878"/>
  <system-out>
    <![CDATA[Click On Check Balance
Enter Secret PIN : 8454
Click On Submit Button for Check Balance
Current Balance is: 494456.0]]>
  </system-out>
  <testcase classname="portals.testCases.Agent.A2ATransfer" name="verifyPerformedA2ATranferFromFromUserPassbook" time="73.053"/>
  <system-out>
    <![CDATA[Click On Passbook
Click On Filter Button
Click On Clear Button
Click On Filter Button
Select Duration Filter: Last 5 Transaction
Select Status Filter: Success
Select Service Filter: A2A Transfer
Click On Submit Button
Verify Transaction Status in Passbook
Successfully Transaction verify in From User
Click On Logout]]>
  </system-out>
  <testcase classname="portals.testCases.Agent.A2ATransfer" name="verifyPerformedA2ATranferFromFootertoUserPassbook" time="54.588"/>
  <system-out>
    <![CDATA[Click On Passbook
Click On Filter Button
Click On Clear Button
Click On Filter Button
Select Duration Filter: Last 5 Transaction
Select Status Filter: Success
Select Service Filter: A2A Transfer
Click On Submit Button
Verify Transaction Status in Passbook
Successfully Transaction verify in From User]]>
  </system-out>
  <testcase classname="portals.testCases.Agent.A2ATransfer" name="verifyPerformedA2ATransferFromToUserPassbook" time="103.222"/>
  <system-out>
    <![CDATA[Click On Logout
Click on Sub Agent
Enter user name: 256720000011
Enter password: Agent@123
Click on Login button
Click On Passbook
Click On Filter Button
Click On Clear Button
Click On Filter Button
Select Duration Filter: Last 5 Transaction
Select Status Filter: Success
Click On Submit Button
Verify Transaction Status in Passbook
Successfully Transaction verify in To User
Click On Logout]]>
  </system-out>
  <testcase classname="portals.testCases.Agent.A2ATransfer" name="a2aTranfer" time="116.834"/>
  <system-out>
    <![CDATA[Click On Agent Transfer
Click On Check Balance
Enter Secret PIN : 8454
Click On Submit Button for Check Balance
Current Balance is: 495959.0
Enter Mobile Number : 256720000011
Enter Amount : 501.00
Enter Remarks:Transfer
Enter Secret PIN : 8454
Click On Submit Button
Verify Mobile Number on Confirmation Screen: 256720000011
Verify Remarks on Confirmation Screen: Transfer
Verify Amount on Confirmation Screen: 501.00
Click On Confirm Button
Verify Transaction is Success
Verify Mobile Number on Success Screen: 256720000011
Verify Remarks on Success Screen: Transfer
Verify Amount on Success Screen: 501.00
Enter Secret PIN : 8454
Click On Submit Button for Check Balance
Updated Balance is: 495458.0]]>
  </system-out>
  <testcase classname="portals.testCases.Agent.A2ATransfer" name="verifyPerformedA2ATransferFromFootertoToUserPassbook" time="259.492"/>
  <system-out>
    <![CDATA[Click On Logout
Click on Sub Agent
Enter user name: 256720000011
Enter password: Agent@123
Click on Login button
Click On Passbook
Click On Filter Button
Click On Clear Button
Click On Filter Button
Select Duration Filter: Last 5 Transaction
Select Status Filter: Success
Click On Submit Button
Verify Transaction Status in Passbook
Successfully Transaction verify in To User]]>
  </system-out>
  <testcase classname="portals.testCases.Agent.A2ATransfer" name="a2aTransferFromSideMenu" time="100.833"/>
  <system-out>
    <![CDATA[Click On Side Menu
Click On Services
Click On Agent Transfer
Click On Check Balance
Enter Secret PIN : 8454
Click On Submit Button for Check Balance
Current Balance is: 495458.0
Enter Mobile Number : 256720000011
Enter Amount : 501.00
Enter Remarks:Transfer
Enter Secret PIN : 8454
Click On Submit Button
Verify Mobile Number on Confirmation Screen: 256720000011
Verify Remarks on Confirmation Screen: Transfer
Verify Amount on Confirmation Screen: 501.00
Click On Confirm Button
Verify Transaction is Success
Verify Mobile Number on Success Screen: 256720000011
Verify Remarks on Success Screen: Transfer
Verify Amount on Success Screen: 501.00
Enter Secret PIN : 8454
Click On Submit Button for Check Balance
Updated Balance is: 494957.0]]>
  </system-out>
  <testcase classname="portals.testCases.Agent.A2ATransfer" name="CheckBalanceFormProfile" time="51.066"/>
  <system-out>
    <![CDATA[Click On Side Menu
Click On Profile
Click On Profile
Click On View Profile
Click On Check Balance
Enter Secret PIN : 8454
Click On Submit Button for Check Balance
Current Balance is: 494456.0
Click On Profile Details
Verify Balance for Dashboard:494456.0 and Profile:494456.0
Verify Both are Equal]]>
  </system-out>
  <testcase classname="portals.testCases.Agent.A2ATransfer" name="CheckCommissionBalanceFormProfile" time="34.160"/>
  <system-out>
    <![CDATA[Click On Side Menu
Click On Profile
Click On Profile
Click On View Profile
Click On Check Balance
Enter Secret PIN : 8454
Click On Submit Button for Check Balance
Current Commission Balance is: 2970.0
Click On Profile Details
Verify Balance for Dashboard:2970.0 and Profile:2970.0
Verify Both are Equal]]>
  </system-out>
  <testcase classname="portals.testCases.Agent.A2ATransfer" name="verifyPerformedA2ATransferFromSideMenuFromUserPassbook" time="55.000"/>
  <system-out>
    <![CDATA[Click On Passbook
Click On Filter Button
Click On Clear Button
Click On Filter Button
Select Duration Filter: Last 5 Transaction
Select Status Filter: Success
Select Service Filter: A2A Transfer
Click On Submit Button
Verify Transaction Status in Passbook
Successfully Transaction verify in From User]]>
  </system-out>
  <testcase classname="portals.testCases.Agent.A2ATransfer" name="verifyPerformedA2ATransferFromSideMenuFromToUserPassbook" time="103.383"/>
  <system-out>
    <![CDATA[Click On Logout
Click on Sub Agent
Enter user name: 256720000011
Enter password: Agent@123
Click on Login button
Click On Passbook
Click On Filter Button
Click On Clear Button
Click On Filter Button
Select Duration Filter: Last 5 Transaction
Select Status Filter: Success
Click On Submit Button
Verify Transaction Status in Passbook
Successfully Transaction verify in To User
Click On Logout]]>
  </system-out>
  <testcase classname="portals.testCases.Agent.A2ATransfer" name="a2aTranferFromFooter" time="100.136"/>
  <system-out>
    <![CDATA[Click On Agent Transfer
Click On Check Balance
Enter Secret PIN : 8454
Click On Submit Button for Check Balance
Current Balance is: 494957.0
Enter Mobile Number : 256720000011
Enter Amount : 501.00
Enter Remarks:Transfer
Enter Secret PIN : 8454
Click On Submit Button
Verify Mobile Number on Confirmation Screen: 256720000011
Verify Remarks on Confirmation Screen: Transfer
Verify Amount on Confirmation Screen: 501.00
Click On Confirm Button
Verify Transaction is Success
Verify Mobile Number on Success Screen: 256720000011
Verify Remarks on Success Screen: Transfer
Verify Amount on Success Screen: 501.00
Enter Secret PIN : 8454
Click On Submit Button for Check Balance
Updated Balance is: 494456.0]]>
  </system-out>
</testsuite> <!-- portals.testCases.Agent.A2ATransfer -->
