<?xml version="1.0" encoding="UTF-8"?>
<!-- Generated by org.testng.reporters.JUnitReportReporter -->
<testsuite hostname="DESKTOP-ELBD4Q4" failures="0" tests="11" name="portals.testCases.Common.CommonTestcases" time="275.554" errors="0" timestamp="2022-08-26T12:57:07 IST" skipped="0">
  <testcase classname="portals.testCases.Common.CommonTestcases" name="VerifyPasswordPolicyfromChangePassword" time="39.903"/>
  <system-out>
    <![CDATA[Click On Side Menu
Click On Profile
Click On Profile
Click On View Profile
Click On Password Policy
Verify Password Policy Title
Verify text >>  Password must have minimum 8 characters 
Verify text >>  Password must have maximum 18 characters 
Verify text >>  Password must have at least one lower case alphabet 
Verify text >>  Password must have at least one lower case alphabet 
Verify text >>  Password must have at least one numeric 
Verify text >> Password must have at least one special characters 
Verify text >> List of special character allowed are @,$,#,*,& 
Verify text >> Password Example]]>
  </system-out>
  <testcase classname="portals.testCases.Common.CommonTestcases" name="VerifyPersonalinforeligiousworshipFromProfile" time="25.515"/>
  <system-out>
    <![CDATA[Click On Side Menu
Click On Profile
Click On Profile
Click On View Profile
Click On Personal info Profile
Verify Personal info]]>
  </system-out>
  <testcase classname="portals.testCases.Common.CommonTestcases" name="termsAndConditionsFromDashboardFooter" time="17.761"/>
  <system-out>
    <![CDATA[Click On Terms And Conditions
Naviagte To Terms & Conditions Page]]>
  </system-out>
  <testcase classname="portals.testCases.Common.CommonTestcases" name="termsAndConditionsFromSideMenuProfile" time="21.731"/>
  <system-out>
    <![CDATA[Click On Side Menu
Click On Profile
Click On Terms And Conditions
Naviagte To Terms & Conditions Page]]>
  </system-out>
  <testcase classname="portals.testCases.Common.CommonTestcases" name="logout" time="32.264"/>
  <system-out>
    <![CDATA[Click On Logout]]>
  </system-out>
  <testcase classname="portals.testCases.Common.CommonTestcases" name="VerifyDocumentinforeligiousworshipFromProfile" time="25.092"/>
  <system-out>
    <![CDATA[Click On Side Menu
Click On Profile
Click On Profile
Click On View Profile
Click On Personal info Profile
Verify Document info religious worship info ]]>
  </system-out>
  <testcase classname="portals.testCases.Common.CommonTestcases" name="VerifyServiceiconsdisplayedFromDashboard" time="21.209"/>
  <system-out>
    <![CDATA[Verify Agent Assisted Deposit icon in Dashboard 
Verify Agent Assisted Withdraw icon in Dashboard 
Verify Agent Transfer icon in Dashboard 
Verify Financial Services icon in Dashboard ]]>
  </system-out>
  <testcase classname="portals.testCases.Common.CommonTestcases" name="UGX_SignAvailable" time="21.625"/>
  <system-out>
    <![CDATA[UGX doller Sign Are Available in Dashboard
Click On Passbook
UGX doller Sign Are Available in Passbook]]>
  </system-out>
  <testcase classname="portals.testCases.Common.CommonTestcases" name="privacyPolicyFromDashboardFooter" time="16.778"/>
  <system-out>
    <![CDATA[Click On Privacy Policy
Naviagte To Privacy Policy Page]]>
  </system-out>
  <testcase classname="portals.testCases.Common.CommonTestcases" name="privacyPolicyFromSideMenuProfile" time="21.560"/>
  <system-out>
    <![CDATA[Click On Side Menu
Click On Profile
Click On Privacy Policy
Naviagte To Privacy Policy Page]]>
  </system-out>
  <testcase classname="portals.testCases.Common.CommonTestcases" name="VerifyPasswordPolicyfromDashboardFooter" time="32.116"/>
  <system-out>
    <![CDATA[Click On Password Policy
Verify Password Policy Title
Verify text >>  Password must have minimum 8 characters 
Verify text >>  Password must have maximum 18 characters 
Verify text >>  Password must have at least one lower case alphabet 
Verify text >>  Password must have at least one lower case alphabet 
Verify text >>  Password must have at least one numeric 
Verify text >> Password must have at least one special characters 
Verify text >> List of special character allowed are @,$,#,*,& 
Verify text >> Password Example]]>
  </system-out>
</testsuite> <!-- portals.testCases.Common.CommonTestcases -->
