<?xml version="1.0" encoding="UTF-8"?>
<!-- Generated by org.testng.reporters.JUnitReportReporter -->
<testsuite hostname="DESKTOP-ELBD4Q4" failures="0" tests="1" name="portals.testCases.Agent.SuperAgentChangeMPin" time="0.000" errors="1" timestamp="5 Aug 2022 06:32:51 GMT">
  <testcase classname="portals.testCases.Agent.SuperAgentChangeMPin" name="SuperAgent_ChangeMpinfromSideMenu" time="0.000">
    <error message="
Method public void portals.testCases.Agent.SuperAgentChangeMPin.SuperAgent_ChangeMpinfromSideMenu(java.util.Map) requires a @DataProvider named : SuperAgent_ChangeMpin in class dataProvider.TestDataImport" type="org.testng.TestNGException">
      <![CDATA[org.testng.TestNGException: 
Method public void portals.testCases.Agent.SuperAgentChangeMPin.SuperAgent_ChangeMpinfromSideMenu(java.util.Map) requires a @DataProvider named : SuperAgent_ChangeMpin in class dataProvider.TestDataImport
	at org.testng.internal.Parameters.findDataProvider(Parameters.java:263)
	at org.testng.internal.Parameters.handleParameters(Parameters.java:419)
	at org.testng.internal.Invoker.handleParameters(Invoker.java:1274)
	at org.testng.internal.Invoker.createParameters(Invoker.java:989)
	at org.testng.internal.Invoker.invokeTestMethods(Invoker.java:1079)
	at org.testng.internal.TestMethodWorker.invokeTestMethods(TestMethodWorker.java:129)
	at org.testng.internal.TestMethodWorker.run(TestMethodWorker.java:112)
	at org.testng.TestRunner.privateRun(TestRunner.java:782)
	at org.testng.TestRunner.run(TestRunner.java:632)
	at org.testng.SuiteRunner.runTest(SuiteRunner.java:366)
	at org.testng.SuiteRunner.runSequentially(SuiteRunner.java:361)
	at org.testng.SuiteRunner.privateRun(SuiteRunner.java:319)
	at org.testng.SuiteRunner.run(SuiteRunner.java:268)
	at org.testng.SuiteRunnerWorker.runSuite(SuiteRunnerWorker.java:52)
	at org.testng.SuiteRunnerWorker.run(SuiteRunnerWorker.java:86)
	at org.testng.TestNG.runSuitesSequentially(TestNG.java:1244)
	at org.testng.TestNG.runSuitesLocally(TestNG.java:1169)
	at org.testng.TestNG.run(TestNG.java:1064)
	at org.testng.remote.AbstractRemoteTestNG.run(AbstractRemoteTestNG.java:115)
	at org.testng.remote.RemoteTestNG.initAndRun(RemoteTestNG.java:251)
	at org.testng.remote.RemoteTestNG.main(RemoteTestNG.java:77)
]]>
    </error>
  </testcase> <!-- SuperAgent_ChangeMpinfromSideMenu -->
</testsuite> <!-- portals.testCases.Agent.SuperAgentChangeMPin -->
