<?xml version="1.0" encoding="UTF-8"?>
<!-- Generated by org.testng.reporters.JUnitReportReporter -->
<testsuite hostname="DESKTOP-ELBD4Q4" failures="0" tests="13" name="portals.testCases.Agent.A2ATransfer" time="1327.702" errors="4" timestamp="2022-08-23T11:05:31 IST" skipped="0">
  <testcase classname="portals.testCases.Agent.A2ATransfer" name="CheckCommissionBalanceFormDashboard" time="65.422">
    <error message="Cannot invoke &quot;java.lang.Long.longValue()&quot; because the return value of &quot;java.util.Map.get(Object)&quot; is null" type="java.lang.NullPointerException">
      <![CDATA[java.lang.NullPointerException: Cannot invoke "java.lang.Long.longValue()" because the return value of "java.util.Map.get(Object)" is null
at base.SetupInit.logException(SetupInit.java:1339)
at base.SetupInit.setExceptionData(SetupInit.java:1821)
at portals.testCases.Agent.A2ATransfer.CheckCommissionBalanceFormDashboard(A2ATransfer.java:292)
at java.base/jdk.internal.reflect.NativeMethodAccessorImpl.invoke0(Native Method)
at java.base/jdk.internal.reflect.NativeMethodAccessorImpl.invoke(NativeMethodAccessorImpl.java:77)
at java.base/jdk.internal.reflect.DelegatingMethodAccessorImpl.invoke(DelegatingMethodAccessorImpl.java:43)
at java.base/java.lang.reflect.Method.invoke(Method.java:568)
at org.testng.internal.MethodInvocationHelper.invokeMethod(MethodInvocationHelper.java:133)
at org.testng.internal.TestInvoker.invokeMethod(TestInvoker.java:598)
at org.testng.internal.TestInvoker.invokeTestMethod(TestInvoker.java:173)
at org.testng.internal.MethodRunner.runInSequence(MethodRunner.java:46)
at org.testng.internal.TestInvoker$MethodInvocationAgent.invoke(TestInvoker.java:824)
at org.testng.internal.TestInvoker.invokeTestMethods(TestInvoker.java:146)
at org.testng.internal.TestMethodWorker.invokeTestMethods(TestMethodWorker.java:146)
at org.testng.internal.TestMethodWorker.run(TestMethodWorker.java:128)
at java.base/java.util.ArrayList.forEach(ArrayList.java:1511)
at org.testng.TestRunner.privateRun(TestRunner.java:794)
at org.testng.TestRunner.run(TestRunner.java:596)
at org.testng.SuiteRunner.runTest(SuiteRunner.java:377)
at org.testng.SuiteRunner.runSequentially(SuiteRunner.java:371)
at org.testng.SuiteRunner.privateRun(SuiteRunner.java:332)
at org.testng.SuiteRunner.run(SuiteRunner.java:276)
at org.testng.SuiteRunnerWorker.runSuite(SuiteRunnerWorker.java:53)
at org.testng.SuiteRunnerWorker.run(SuiteRunnerWorker.java:96)
at org.testng.TestNG.runSuitesSequentially(TestNG.java:1212)
at org.testng.TestNG.runSuitesLocally(TestNG.java:1134)
at org.testng.TestNG.runSuites(TestNG.java:1063)
at org.testng.TestNG.run(TestNG.java:1031)
at org.testng.remote.AbstractRemoteTestNG.run(AbstractRemoteTestNG.java:115)
at org.testng.remote.RemoteTestNG.initAndRun(RemoteTestNG.java:251)
at org.testng.remote.RemoteTestNG.main(RemoteTestNG.java:77)
]]>
    </error>
  </testcase> <!-- CheckCommissionBalanceFormDashboard -->
  <system-out>
    <![CDATA[Click On Check Balance]]>
  </system-out>
  <testcase classname="portals.testCases.Agent.A2ATransfer" name="a2aTranfer" time="100.716"/>
  <system-out>
    <![CDATA[Click On Agent Transfer
Click On Check Balance
Enter Secret PIN : 8454
Click On Submit Button for Check Balance
Current Balance is: 499468.0
Enter Mobile Number : 256720000011
Enter Amount : 501.00
Enter Remarks:Transfer
Enter Secret PIN : 8454
Click On Submit Button
Verify Mobile Number on Confirmation Screen: 256720000011
Verify Remarks on Confirmation Screen: Transfer
Verify Amount on Confirmation Screen: 501.00
Click On Confirm Button
Verify Transaction is Success
Verify Mobile Number on Success Screen: 256720000011
Verify Remarks on Success Screen: Transfer
Verify Amount on Success Screen: 501.00
Enter Secret PIN : 8454
Click On Submit Button for Check Balance
Updated Balance is: 498967.0]]>
  </system-out>
  <testcase classname="portals.testCases.Agent.A2ATransfer" name="a2aTransferFromSideMenu" time="130.732"/>
  <system-out>
    <![CDATA[Click On Side Menu
Click On Services
Click On Agent Transfer
Click On Check Balance
Enter Secret PIN : 8454
Click On Submit Button for Check Balance
Current Balance is: 498967.0
Enter Mobile Number : 256720000011
Enter Amount : 501.00
Enter Remarks:Transfer
Enter Secret PIN : 8454
Click On Submit Button
Verify Mobile Number on Confirmation Screen: 256720000011
Verify Remarks on Confirmation Screen: Transfer
Verify Amount on Confirmation Screen: 501.00
Click On Confirm Button
Verify Transaction is Success
Verify Mobile Number on Success Screen: 256720000011
Verify Remarks on Success Screen: Transfer
Verify Amount on Success Screen: 501.00
Enter Secret PIN : 8454
Click On Submit Button for Check Balance
Updated Balance is: 498466.0]]>
  </system-out>
  <testcase classname="portals.testCases.Agent.A2ATransfer" name="a2aTranferFromFooter" time="121.003"/>
  <system-out>
    <![CDATA[Click On Agent Transfer
Click On Check Balance
Enter Secret PIN : 8454
Click On Submit Button for Check Balance
Current Balance is: 498466.0
Enter Mobile Number : 256720000011
Enter Amount : 501.00
Enter Remarks:Transfer
Enter Secret PIN : 8454
Click On Submit Button
Verify Mobile Number on Confirmation Screen: 256720000011
Verify Remarks on Confirmation Screen: Transfer
Verify Amount on Confirmation Screen: 501.00
Click On Confirm Button
Verify Transaction is Success
Verify Mobile Number on Success Screen: 256720000011
Verify Remarks on Success Screen: Transfer
Verify Amount on Success Screen: 501.00
Enter Secret PIN : 8454
Click On Submit Button for Check Balance
Updated Balance is: 497965.0]]>
  </system-out>
  <testcase classname="portals.testCases.Agent.A2ATransfer" name="verifyPerformedA2ATranferFromFromUserPassbook" time="74.320"/>
  <system-out>
    <![CDATA[Click On Passbook
Click On Filter Button
Click On Clear Button
Click On Filter Button
Select Duration Filter: Last 5 Transaction
Select Status Filter: Success
Select Service Filter: A2A Transfer
Click On Submit Button
Verify Transaction Status in Passbook
Successfully Transaction verify in From User
Click On Logout]]>
  </system-out>
  <testcase classname="portals.testCases.Agent.A2ATransfer" name="CheckCommissionBalanceFormProfile" time="73.259">
    <error message="Cannot invoke &quot;java.lang.Long.longValue()&quot; because the return value of &quot;java.util.Map.get(Object)&quot; is null" type="java.lang.NullPointerException">
      <![CDATA[java.lang.NullPointerException: Cannot invoke "java.lang.Long.longValue()" because the return value of "java.util.Map.get(Object)" is null
at base.SetupInit.logException(SetupInit.java:1339)
at base.SetupInit.setExceptionData(SetupInit.java:1821)
at portals.testCases.Agent.A2ATransfer.CheckCommissionBalanceFormProfile(A2ATransfer.java:324)
at java.base/jdk.internal.reflect.NativeMethodAccessorImpl.invoke0(Native Method)
at java.base/jdk.internal.reflect.NativeMethodAccessorImpl.invoke(NativeMethodAccessorImpl.java:77)
at java.base/jdk.internal.reflect.DelegatingMethodAccessorImpl.invoke(DelegatingMethodAccessorImpl.java:43)
at java.base/java.lang.reflect.Method.invoke(Method.java:568)
at org.testng.internal.MethodInvocationHelper.invokeMethod(MethodInvocationHelper.java:133)
at org.testng.internal.TestInvoker.invokeMethod(TestInvoker.java:598)
at org.testng.internal.TestInvoker.invokeTestMethod(TestInvoker.java:173)
at org.testng.internal.MethodRunner.runInSequence(MethodRunner.java:46)
at org.testng.internal.TestInvoker$MethodInvocationAgent.invoke(TestInvoker.java:824)
at org.testng.internal.TestInvoker.invokeTestMethods(TestInvoker.java:146)
at org.testng.internal.TestMethodWorker.invokeTestMethods(TestMethodWorker.java:146)
at org.testng.internal.TestMethodWorker.run(TestMethodWorker.java:128)
at java.base/java.util.ArrayList.forEach(ArrayList.java:1511)
at org.testng.TestRunner.privateRun(TestRunner.java:794)
at org.testng.TestRunner.run(TestRunner.java:596)
at org.testng.SuiteRunner.runTest(SuiteRunner.java:377)
at org.testng.SuiteRunner.runSequentially(SuiteRunner.java:371)
at org.testng.SuiteRunner.privateRun(SuiteRunner.java:332)
at org.testng.SuiteRunner.run(SuiteRunner.java:276)
at org.testng.SuiteRunnerWorker.runSuite(SuiteRunnerWorker.java:53)
at org.testng.SuiteRunnerWorker.run(SuiteRunnerWorker.java:96)
at org.testng.TestNG.runSuitesSequentially(TestNG.java:1212)
at org.testng.TestNG.runSuitesLocally(TestNG.java:1134)
at org.testng.TestNG.runSuites(TestNG.java:1063)
at org.testng.TestNG.run(TestNG.java:1031)
at org.testng.remote.AbstractRemoteTestNG.run(AbstractRemoteTestNG.java:115)
at org.testng.remote.RemoteTestNG.initAndRun(RemoteTestNG.java:251)
at org.testng.remote.RemoteTestNG.main(RemoteTestNG.java:77)
]]>
    </error>
  </testcase> <!-- CheckCommissionBalanceFormProfile -->
  <system-out>
    <![CDATA[Click On Side Menu
Click On Profile
Click On Profile
Click On View Profile
Click On Check Balance]]>
  </system-out>
  <testcase classname="portals.testCases.Agent.A2ATransfer" name="verifyPerformedA2ATransferFromToUserPassbook" time="105.451"/>
  <system-out>
    <![CDATA[Click On Logout
Click on Sub Agent
Enter user name: 256720000011
Enter password: Agent@123
Click on Login button
Click On Passbook
Click On Filter Button
Click On Clear Button
Click On Filter Button
Select Duration Filter: Last 5 Transaction
Select Status Filter: Success
Click On Submit Button
Verify Transaction Status in Passbook
Successfully Transaction verify in To User
Click On Logout]]>
  </system-out>
  <testcase classname="portals.testCases.Agent.A2ATransfer" name="verifyPerformedA2ATranferFromFootertoUserPassbook" time="56.441"/>
  <system-out>
    <![CDATA[Click On Passbook
Click On Filter Button
Click On Clear Button
Click On Filter Button
Select Duration Filter: Last 5 Transaction
Select Status Filter: Success
Select Service Filter: A2A Transfer
Click On Submit Button
Verify Transaction Status in Passbook
Successfully Transaction verify in From User]]>
  </system-out>
  <testcase classname="portals.testCases.Agent.A2ATransfer" name="verifyPerformedA2ATransferFromFootertoToUserPassbook" time="106.522"/>
  <system-out>
    <![CDATA[Click On Logout
Click on Sub Agent
Enter user name: 256720000011
Enter password: Agent@123
Click on Login button
Click On Passbook
Click On Filter Button
Click On Clear Button
Click On Filter Button
Select Duration Filter: Last 5 Transaction
Select Status Filter: Success
Click On Submit Button
Verify Transaction Status in Passbook
Successfully Transaction verify in To User
Click On Logout]]>
  </system-out>
  <testcase classname="portals.testCases.Agent.A2ATransfer" name="verifyPerformedA2ATransferFromSideMenuFromToUserPassbook" time="279.263"/>
  <system-out>
    <![CDATA[Click On Logout
Click on Sub Agent
Enter user name: 256720000011
Enter password: Agent@123
Click on Login button
Click On Passbook
Click On Filter Button
Click On Clear Button
Click On Filter Button
Select Duration Filter: Last 5 Transaction
Select Status Filter: Success
Click On Submit Button
Verify Transaction Status in Passbook
Successfully Transaction verify in To User
Click On Logout]]>
  </system-out>
  <testcase classname="portals.testCases.Agent.A2ATransfer" name="verifyPerformedA2ATransferFromSideMenuFromUserPassbook" time="56.451"/>
  <system-out>
    <![CDATA[Click On Passbook
Click On Filter Button
Click On Clear Button
Click On Filter Button
Select Duration Filter: Last 5 Transaction
Select Status Filter: Success
Select Service Filter: A2A Transfer
Click On Submit Button
Verify Transaction Status in Passbook
Successfully Transaction verify in From User]]>
  </system-out>
  <testcase classname="portals.testCases.Agent.A2ATransfer" name="CheckBalanceFormDashboard" time="66.318">
    <error message="Cannot invoke &quot;java.lang.Long.longValue()&quot; because the return value of &quot;java.util.Map.get(Object)&quot; is null" type="java.lang.NullPointerException">
      <![CDATA[java.lang.NullPointerException: Cannot invoke "java.lang.Long.longValue()" because the return value of "java.util.Map.get(Object)" is null
at base.SetupInit.logException(SetupInit.java:1339)
at base.SetupInit.setExceptionData(SetupInit.java:1821)
at portals.testCases.Agent.A2ATransfer.CheckBalanceFormDashboard(A2ATransfer.java:278)
at java.base/jdk.internal.reflect.NativeMethodAccessorImpl.invoke0(Native Method)
at java.base/jdk.internal.reflect.NativeMethodAccessorImpl.invoke(NativeMethodAccessorImpl.java:77)
at java.base/jdk.internal.reflect.DelegatingMethodAccessorImpl.invoke(DelegatingMethodAccessorImpl.java:43)
at java.base/java.lang.reflect.Method.invoke(Method.java:568)
at org.testng.internal.MethodInvocationHelper.invokeMethod(MethodInvocationHelper.java:133)
at org.testng.internal.TestInvoker.invokeMethod(TestInvoker.java:598)
at org.testng.internal.TestInvoker.invokeTestMethod(TestInvoker.java:173)
at org.testng.internal.MethodRunner.runInSequence(MethodRunner.java:46)
at org.testng.internal.TestInvoker$MethodInvocationAgent.invoke(TestInvoker.java:824)
at org.testng.internal.TestInvoker.invokeTestMethods(TestInvoker.java:146)
at org.testng.internal.TestMethodWorker.invokeTestMethods(TestMethodWorker.java:146)
at org.testng.internal.TestMethodWorker.run(TestMethodWorker.java:128)
at java.base/java.util.ArrayList.forEach(ArrayList.java:1511)
at org.testng.TestRunner.privateRun(TestRunner.java:794)
at org.testng.TestRunner.run(TestRunner.java:596)
at org.testng.SuiteRunner.runTest(SuiteRunner.java:377)
at org.testng.SuiteRunner.runSequentially(SuiteRunner.java:371)
at org.testng.SuiteRunner.privateRun(SuiteRunner.java:332)
at org.testng.SuiteRunner.run(SuiteRunner.java:276)
at org.testng.SuiteRunnerWorker.runSuite(SuiteRunnerWorker.java:53)
at org.testng.SuiteRunnerWorker.run(SuiteRunnerWorker.java:96)
at org.testng.TestNG.runSuitesSequentially(TestNG.java:1212)
at org.testng.TestNG.runSuitesLocally(TestNG.java:1134)
at org.testng.TestNG.runSuites(TestNG.java:1063)
at org.testng.TestNG.run(TestNG.java:1031)
at org.testng.remote.AbstractRemoteTestNG.run(AbstractRemoteTestNG.java:115)
at org.testng.remote.RemoteTestNG.initAndRun(RemoteTestNG.java:251)
at org.testng.remote.RemoteTestNG.main(RemoteTestNG.java:77)
]]>
    </error>
  </testcase> <!-- CheckBalanceFormDashboard -->
  <system-out>
    <![CDATA[Click On Check Balance]]>
  </system-out>
  <testcase classname="portals.testCases.Agent.A2ATransfer" name="CheckBalanceFormProfile" time="91.804">
    <error message="Cannot invoke &quot;java.lang.Long.longValue()&quot; because the return value of &quot;java.util.Map.get(Object)&quot; is null" type="java.lang.NullPointerException">
      <![CDATA[java.lang.NullPointerException: Cannot invoke "java.lang.Long.longValue()" because the return value of "java.util.Map.get(Object)" is null
at base.SetupInit.logException(SetupInit.java:1339)
at base.SetupInit.setExceptionData(SetupInit.java:1821)
at portals.testCases.Agent.A2ATransfer.CheckBalanceFormProfile(A2ATransfer.java:307)
at java.base/jdk.internal.reflect.NativeMethodAccessorImpl.invoke0(Native Method)
at java.base/jdk.internal.reflect.NativeMethodAccessorImpl.invoke(NativeMethodAccessorImpl.java:77)
at java.base/jdk.internal.reflect.DelegatingMethodAccessorImpl.invoke(DelegatingMethodAccessorImpl.java:43)
at java.base/java.lang.reflect.Method.invoke(Method.java:568)
at org.testng.internal.MethodInvocationHelper.invokeMethod(MethodInvocationHelper.java:133)
at org.testng.internal.TestInvoker.invokeMethod(TestInvoker.java:598)
at org.testng.internal.TestInvoker.invokeTestMethod(TestInvoker.java:173)
at org.testng.internal.MethodRunner.runInSequence(MethodRunner.java:46)
at org.testng.internal.TestInvoker$MethodInvocationAgent.invoke(TestInvoker.java:824)
at org.testng.internal.TestInvoker.invokeTestMethods(TestInvoker.java:146)
at org.testng.internal.TestMethodWorker.invokeTestMethods(TestMethodWorker.java:146)
at org.testng.internal.TestMethodWorker.run(TestMethodWorker.java:128)
at java.base/java.util.ArrayList.forEach(ArrayList.java:1511)
at org.testng.TestRunner.privateRun(TestRunner.java:794)
at org.testng.TestRunner.run(TestRunner.java:596)
at org.testng.SuiteRunner.runTest(SuiteRunner.java:377)
at org.testng.SuiteRunner.runSequentially(SuiteRunner.java:371)
at org.testng.SuiteRunner.privateRun(SuiteRunner.java:332)
at org.testng.SuiteRunner.run(SuiteRunner.java:276)
at org.testng.SuiteRunnerWorker.runSuite(SuiteRunnerWorker.java:53)
at org.testng.SuiteRunnerWorker.run(SuiteRunnerWorker.java:96)
at org.testng.TestNG.runSuitesSequentially(TestNG.java:1212)
at org.testng.TestNG.runSuitesLocally(TestNG.java:1134)
at org.testng.TestNG.runSuites(TestNG.java:1063)
at org.testng.TestNG.run(TestNG.java:1031)
at org.testng.remote.AbstractRemoteTestNG.run(AbstractRemoteTestNG.java:115)
at org.testng.remote.RemoteTestNG.initAndRun(RemoteTestNG.java:251)
at org.testng.remote.RemoteTestNG.main(RemoteTestNG.java:77)
]]>
    </error>
  </testcase> <!-- CheckBalanceFormProfile -->
  <system-out>
    <![CDATA[Click On Side Menu
Click On Profile
Click On Profile
Click On View Profile
Click On Check Balance]]>
  </system-out>
</testsuite> <!-- portals.testCases.Agent.A2ATransfer -->
