<?xml version="1.0" encoding="UTF-8"?>
<!-- Generated by org.testng.reporters.JUnitReportReporter -->
<testsuite hostname="DESKTOP-ELBD4Q4" failures="0" tests="8" name="portals.testCases.Common.CommonTestcases" time="293.101" errors="3" timestamp="2022-08-07T16:14:04 IST" skipped="0">
  <testcase classname="portals.testCases.Common.CommonTestcases" name="changeLanguageFromDashboardFooter" time="60.562">
    <error message=" Unable to click on change language while performing  change Language From Dashboard Footer" type="java.lang.RuntimeException">
      <![CDATA[java.lang.RuntimeException:  Unable to click on change language while performing  change Language From Dashboard Footer
at base.SetupInit.logData(SetupInit.java:1441)
at base.SetupInit.setExcecutionData(SetupInit.java:1833)
at portals.testCases.Common.CommonTestcases.changeLanguageFromDashboardFooter(CommonTestcases.java:299)
at java.base/jdk.internal.reflect.NativeMethodAccessorImpl.invoke0(Native Method)
at java.base/jdk.internal.reflect.NativeMethodAccessorImpl.invoke(NativeMethodAccessorImpl.java:77)
at java.base/jdk.internal.reflect.DelegatingMethodAccessorImpl.invoke(DelegatingMethodAccessorImpl.java:43)
at java.base/java.lang.reflect.Method.invoke(Method.java:568)
at org.testng.internal.MethodInvocationHelper.invokeMethod(MethodInvocationHelper.java:133)
at org.testng.internal.TestInvoker.invokeMethod(TestInvoker.java:598)
at org.testng.internal.TestInvoker.invokeTestMethod(TestInvoker.java:173)
at org.testng.internal.MethodRunner.runInSequence(MethodRunner.java:46)
at org.testng.internal.TestInvoker$MethodInvocationAgent.invoke(TestInvoker.java:824)
at org.testng.internal.TestInvoker.invokeTestMethods(TestInvoker.java:146)
at org.testng.internal.TestMethodWorker.invokeTestMethods(TestMethodWorker.java:146)
at org.testng.internal.TestMethodWorker.run(TestMethodWorker.java:128)
at java.base/java.util.ArrayList.forEach(ArrayList.java:1511)
at org.testng.TestRunner.privateRun(TestRunner.java:794)
at org.testng.TestRunner.run(TestRunner.java:596)
at org.testng.SuiteRunner.runTest(SuiteRunner.java:377)
at org.testng.SuiteRunner.runSequentially(SuiteRunner.java:371)
at org.testng.SuiteRunner.privateRun(SuiteRunner.java:332)
at org.testng.SuiteRunner.run(SuiteRunner.java:276)
at org.testng.SuiteRunnerWorker.runSuite(SuiteRunnerWorker.java:53)
at org.testng.SuiteRunnerWorker.run(SuiteRunnerWorker.java:96)
at org.testng.TestNG.runSuitesSequentially(TestNG.java:1212)
at org.testng.TestNG.runSuitesLocally(TestNG.java:1134)
at org.testng.TestNG.runSuites(TestNG.java:1063)
at org.testng.TestNG.run(TestNG.java:1031)
at org.testng.remote.AbstractRemoteTestNG.run(AbstractRemoteTestNG.java:115)
at org.testng.remote.RemoteTestNG.initAndRun(RemoteTestNG.java:251)
at org.testng.remote.RemoteTestNG.main(RemoteTestNG.java:77)
]]>
    </error>
  </testcase> <!-- changeLanguageFromDashboardFooter -->
  <system-out>
    <![CDATA[<br> <b>&nbsp;&nbsp;&nbsp;&nbsp;&nbsp;Please click for screenshot - </b>
<br><Strong><font color=#FF0000>&nbsp;&nbsp;&nbsp;&nbsp;&nbsp;Failed screenshot name = </font></strong><a target='_blank' href='.\FailureScreenShots\CommonTestcases\07_08_2022\changeLanguageFromDashboardFooter_15_54_23.png'>15_54_23.png</a>]]>
  </system-out>
  <testcase classname="portals.testCases.Common.CommonTestcases" name="termsAndConditionsFromDashboardFooter" time="17.941"/>
  <system-out>
    <![CDATA[Click On Terms And Conditions
Naviagte To Terms & Conditions Page]]>
  </system-out>
  <testcase classname="portals.testCases.Common.CommonTestcases" name="verifyChatOption" time="61.769">
    <error message=" Unable to click on chat while performing  verify Chat Option" type="java.lang.RuntimeException">
      <![CDATA[java.lang.RuntimeException:  Unable to click on chat while performing  verify Chat Option
at base.SetupInit.logData(SetupInit.java:1441)
at base.SetupInit.setExcecutionData(SetupInit.java:1833)
at portals.testCases.Common.CommonTestcases.verifyChatOption(CommonTestcases.java:284)
at java.base/jdk.internal.reflect.NativeMethodAccessorImpl.invoke0(Native Method)
at java.base/jdk.internal.reflect.NativeMethodAccessorImpl.invoke(NativeMethodAccessorImpl.java:77)
at java.base/jdk.internal.reflect.DelegatingMethodAccessorImpl.invoke(DelegatingMethodAccessorImpl.java:43)
at java.base/java.lang.reflect.Method.invoke(Method.java:568)
at org.testng.internal.MethodInvocationHelper.invokeMethod(MethodInvocationHelper.java:133)
at org.testng.internal.TestInvoker.invokeMethod(TestInvoker.java:598)
at org.testng.internal.TestInvoker.invokeTestMethod(TestInvoker.java:173)
at org.testng.internal.MethodRunner.runInSequence(MethodRunner.java:46)
at org.testng.internal.TestInvoker$MethodInvocationAgent.invoke(TestInvoker.java:824)
at org.testng.internal.TestInvoker.invokeTestMethods(TestInvoker.java:146)
at org.testng.internal.TestMethodWorker.invokeTestMethods(TestMethodWorker.java:146)
at org.testng.internal.TestMethodWorker.run(TestMethodWorker.java:128)
at java.base/java.util.ArrayList.forEach(ArrayList.java:1511)
at org.testng.TestRunner.privateRun(TestRunner.java:794)
at org.testng.TestRunner.run(TestRunner.java:596)
at org.testng.SuiteRunner.runTest(SuiteRunner.java:377)
at org.testng.SuiteRunner.runSequentially(SuiteRunner.java:371)
at org.testng.SuiteRunner.privateRun(SuiteRunner.java:332)
at org.testng.SuiteRunner.run(SuiteRunner.java:276)
at org.testng.SuiteRunnerWorker.runSuite(SuiteRunnerWorker.java:53)
at org.testng.SuiteRunnerWorker.run(SuiteRunnerWorker.java:96)
at org.testng.TestNG.runSuitesSequentially(TestNG.java:1212)
at org.testng.TestNG.runSuitesLocally(TestNG.java:1134)
at org.testng.TestNG.runSuites(TestNG.java:1063)
at org.testng.TestNG.run(TestNG.java:1031)
at org.testng.remote.AbstractRemoteTestNG.run(AbstractRemoteTestNG.java:115)
at org.testng.remote.RemoteTestNG.initAndRun(RemoteTestNG.java:251)
at org.testng.remote.RemoteTestNG.main(RemoteTestNG.java:77)
]]>
    </error>
  </testcase> <!-- verifyChatOption -->
  <system-out>
    <![CDATA[<br> <b>&nbsp;&nbsp;&nbsp;&nbsp;&nbsp;Please click for screenshot - </b>
<br><Strong><font color=#FF0000>&nbsp;&nbsp;&nbsp;&nbsp;&nbsp;Failed screenshot name = </font></strong><a target='_blank' href='.\FailureScreenShots\CommonTestcases\07_08_2022\verifyChatOption_15_53_22.png'>15_53_22.png</a>]]>
  </system-out>
  <testcase classname="portals.testCases.Common.CommonTestcases" name="privacyPolicyFromSideMenuProfile" time="21.146"/>
  <system-out>
    <![CDATA[Click On Side Menu
Click On Profile
Click On Privacy Policy
Naviagte To Privacy Policy Page]]>
  </system-out>
  <testcase classname="portals.testCases.Common.CommonTestcases" name="logout" time="30.310"/>
  <system-out>
    <![CDATA[Click On Logout]]>
  </system-out>
  <testcase classname="portals.testCases.Common.CommonTestcases" name="termsAndConditionsFromSideMenuProfile" time="22.306"/>
  <system-out>
    <![CDATA[Click On Side Menu
Click On Profile
Click On Terms And Conditions
Naviagte To Terms & Conditions Page]]>
  </system-out>
  <testcase classname="portals.testCases.Common.CommonTestcases" name="changeLanguageFromDashboardFooter" time="61.376">
    <error message=" Unable to click on change language while performing  change Language From Dashboard Footer" type="java.lang.RuntimeException">
      <![CDATA[java.lang.RuntimeException:  Unable to click on change language while performing  change Language From Dashboard Footer
at base.SetupInit.logData(SetupInit.java:1441)
at base.SetupInit.setExcecutionData(SetupInit.java:1833)
at portals.testCases.Common.CommonTestcases.changeLanguageFromDashboardFooter(CommonTestcases.java:299)
at java.base/jdk.internal.reflect.NativeMethodAccessorImpl.invoke0(Native Method)
at java.base/jdk.internal.reflect.NativeMethodAccessorImpl.invoke(NativeMethodAccessorImpl.java:77)
at java.base/jdk.internal.reflect.DelegatingMethodAccessorImpl.invoke(DelegatingMethodAccessorImpl.java:43)
at java.base/java.lang.reflect.Method.invoke(Method.java:568)
at org.testng.internal.MethodInvocationHelper.invokeMethod(MethodInvocationHelper.java:133)
at org.testng.internal.TestInvoker.invokeMethod(TestInvoker.java:598)
at org.testng.internal.TestInvoker.invokeTestMethod(TestInvoker.java:173)
at org.testng.internal.MethodRunner.runInSequence(MethodRunner.java:46)
at org.testng.internal.TestInvoker$MethodInvocationAgent.invoke(TestInvoker.java:824)
at org.testng.internal.TestInvoker.invokeTestMethods(TestInvoker.java:146)
at org.testng.internal.TestMethodWorker.invokeTestMethods(TestMethodWorker.java:146)
at org.testng.internal.TestMethodWorker.run(TestMethodWorker.java:128)
at java.base/java.util.ArrayList.forEach(ArrayList.java:1511)
at org.testng.TestRunner.privateRun(TestRunner.java:794)
at org.testng.TestRunner.run(TestRunner.java:596)
at org.testng.SuiteRunner.runTest(SuiteRunner.java:377)
at org.testng.SuiteRunner.runSequentially(SuiteRunner.java:371)
at org.testng.SuiteRunner.privateRun(SuiteRunner.java:332)
at org.testng.SuiteRunner.run(SuiteRunner.java:276)
at org.testng.SuiteRunnerWorker.runSuite(SuiteRunnerWorker.java:53)
at org.testng.SuiteRunnerWorker.run(SuiteRunnerWorker.java:96)
at org.testng.TestNG.runSuitesSequentially(TestNG.java:1212)
at org.testng.TestNG.runSuitesLocally(TestNG.java:1134)
at org.testng.TestNG.runSuites(TestNG.java:1063)
at org.testng.TestNG.run(TestNG.java:1031)
at org.testng.remote.AbstractRemoteTestNG.run(AbstractRemoteTestNG.java:115)
at org.testng.remote.RemoteTestNG.initAndRun(RemoteTestNG.java:251)
at org.testng.remote.RemoteTestNG.main(RemoteTestNG.java:77)
]]>
    </error>
  </testcase> <!-- changeLanguageFromDashboardFooter -->
  <system-out>
    <![CDATA[<br> <b>&nbsp;&nbsp;&nbsp;&nbsp;&nbsp;Please click for screenshot - </b>
<br><Strong><font color=#FF0000>&nbsp;&nbsp;&nbsp;&nbsp;&nbsp;Failed screenshot name = </font></strong><a target='_blank' href='.\FailureScreenShots\CommonTestcases\07_08_2022\changeLanguageFromDashboardFooter_15_55_24.png'>15_55_24.png</a>]]>
  </system-out>
  <testcase classname="portals.testCases.Common.CommonTestcases" name="privacyPolicyFromDashboardFooter" time="17.691"/>
  <system-out>
    <![CDATA[Click On Privacy Policy
Naviagte To Privacy Policy Page]]>
  </system-out>
</testsuite> <!-- portals.testCases.Common.CommonTestcases -->
