<?xml version="1.0" encoding="UTF-8"?>
<!-- Generated by org.testng.reporters.JUnitReportReporter -->
<testsuite hostname="DESKTOP-ELBD4Q4" failures="0" tests="3" name="portals.testCases.Agent.SuperAgentChangeMPin" time="80.092" errors="0" timestamp="2022-08-23T11:05:31 IST" skipped="0">
  <testcase classname="portals.testCases.Agent.SuperAgentChangeMPin" name="verifyFAQfromSideMenu" time="23.422"/>
  <system-out>
    <![CDATA[Click On Side Menu
Click On Profile
Click On Profile
Click On FAQs
Verify Check Title]]>
  </system-out>
  <testcase classname="portals.testCases.Agent.SuperAgentChangeMPin" name="verifyinvalidSuperAgent_ChangeMpinfromSideMenu" time="37.723"/>
  <system-out>
    <![CDATA[Click On Change Mpin with Wrong Input
Enter Current MPIN : 8454
Enter New MPIN : By.id: frm_text_transactionPinid
Enter Confirm MPIN : By.id: frm_text_confirmTransactionPinid
Click On Submit Button]]>
  </system-out>
  <testcase classname="portals.testCases.Agent.SuperAgentChangeMPin" name="SuperAgent_ChangeMpinfromSideMenu" time="18.947"/>
  <system-out>
    <![CDATA[Click On Change Mpin]]>
  </system-out>
</testsuite> <!-- portals.testCases.Agent.SuperAgentChangeMPin -->
