<?xml version="1.0" encoding="UTF-8"?>
<!-- Generated by org.testng.reporters.JUnitReportReporter -->
<testsuite hostname="DESKTOP-ELBD4Q4" failures="0" tests="9" name="portals.testCases.Agent.A2ATransfer" time="1030.501" errors="0" timestamp="2022-08-07T16:14:04 IST" skipped="0">
  <testcase classname="portals.testCases.Agent.A2ATransfer" name="verifyPerformedA2ATranferFromFromUserPassbook" time="91.946"/>
  <system-out>
    <![CDATA[Click On Passbook
Click On Filter Button
Click On Clear Button
Click On Filter Button
Select Duration Filter: Last 5 Transaction
Select Status Filter: Success
Select Service Filter: A2A Transfer
Click On Submit Button
Verify Transaction Status in Passbook
Successfully Transaction verify in From User
Click On Logout]]>
  </system-out>
  <testcase classname="portals.testCases.Agent.A2ATransfer" name="verifyPerformedA2ATransferFromFootertoToUserPassbook" time="101.732"/>
  <system-out>
    <![CDATA[Click On Logout
Click on Sub Agent
Enter user name: 256720000011
Enter password: Agent@123
Click on Login button
Click On Passbook
Click On Filter Button
Click On Clear Button
Click On Filter Button
Select Duration Filter: Last 5 Transaction
Select Status Filter: Success
Click On Submit Button
Verify Transaction Status in Passbook
Successfully Transaction verify in To User
Click On Logout]]>
  </system-out>
  <testcase classname="portals.testCases.Agent.A2ATransfer" name="verifyPerformedA2ATransferFromToUserPassbook" time="103.574"/>
  <system-out>
    <![CDATA[Click On Logout
Click on Sub Agent
Enter user name: 256720000011
Enter password: Agent@123
Click on Login button
Click On Passbook
Click On Filter Button
Click On Clear Button
Click On Filter Button
Select Duration Filter: Last 5 Transaction
Select Status Filter: Success
Click On Submit Button
Verify Transaction Status in Passbook
Successfully Transaction verify in To User
Click On Logout]]>
  </system-out>
  <testcase classname="portals.testCases.Agent.A2ATransfer" name="verifyPerformedA2ATranferFromFootertoUserPassbook" time="72.373"/>
  <system-out>
    <![CDATA[Click On Passbook
Click On Filter Button
Click On Clear Button
Click On Filter Button
Select Duration Filter: Last 5 Transaction
Select Status Filter: Success
Select Service Filter: A2A Transfer
Click On Submit Button
Verify Transaction Status in Passbook
Successfully Transaction verify in From User]]>
  </system-out>
  <testcase classname="portals.testCases.Agent.A2ATransfer" name="a2aTransferFromSideMenu" time="104.935"/>
  <system-out>
    <![CDATA[Click On Side Menu
Click On Services
Click On Agent Transfer
Click On Check Balance
Enter Secret PIN : 8454
Click On Submit Button for Check Balance
Current Balance is: 489979.0
Enter Mobile Number : 256720000011
Enter Amount : 501.00
Enter Remarks:Transfer
Enter Secret PIN : 8454
Click On Submit Button
Verify Mobile Number on Confirmation Screen: 256720000011
Verify Remarks on Confirmation Screen: Transfer
Verify Amount on Confirmation Screen: 501.00
Click On Confirm Button
Verify Transaction is Success
Verify Mobile Number on Success Screen: 256720000011
Verify Remarks on Success Screen: Transfer
Verify Amount on Success Screen: 501.00
Enter Secret PIN : 8454
Click On Submit Button for Check Balance
Updated Balance is: 489478.0]]>
  </system-out>
  <testcase classname="portals.testCases.Agent.A2ATransfer" name="verifyPerformedA2ATransferFromSideMenuFromUserPassbook" time="55.363"/>
  <system-out>
    <![CDATA[Click On Passbook
Click On Filter Button
Click On Clear Button
Click On Filter Button
Select Duration Filter: Last 5 Transaction
Select Status Filter: Success
Select Service Filter: A2A Transfer
Click On Submit Button
Verify Transaction Status in Passbook
Successfully Transaction verify in From User]]>
  </system-out>
  <testcase classname="portals.testCases.Agent.A2ATransfer" name="a2aTranferFromFooter" time="116.457"/>
  <system-out>
    <![CDATA[Click On Agent Transfer
Click On Check Balance
Enter Secret PIN : 8454
Click On Submit Button for Check Balance
Current Balance is: 489478.0
Enter Mobile Number : 256720000011
Enter Amount : 501.00
Enter Remarks:Transfer
Enter Secret PIN : 8454
Click On Submit Button
Verify Mobile Number on Confirmation Screen: 256720000011
Verify Remarks on Confirmation Screen: Transfer
Verify Amount on Confirmation Screen: 501.00
Click On Confirm Button
Verify Transaction is Success
Verify Mobile Number on Success Screen: 256720000011
Verify Remarks on Success Screen: Transfer
Verify Amount on Success Screen: 501.00
Enter Secret PIN : 8454
Click On Submit Button for Check Balance
Updated Balance is: 488977.0]]>
  </system-out>
  <testcase classname="portals.testCases.Agent.A2ATransfer" name="a2aTranfer" time="96.426"/>
  <system-out>
    <![CDATA[Click On Agent Transfer
Click On Check Balance
Enter Secret PIN : 8454
Click On Submit Button for Check Balance
Current Balance is: 490480.0
Enter Mobile Number : 256720000011
Enter Amount : 501.00
Enter Remarks:Transfer
Enter Secret PIN : 8454
Click On Submit Button
Verify Mobile Number on Confirmation Screen: 256720000011
Verify Remarks on Confirmation Screen: Transfer
Verify Amount on Confirmation Screen: 501.00
Click On Confirm Button
Verify Transaction is Success
Verify Mobile Number on Success Screen: 256720000011
Verify Remarks on Success Screen: Transfer
Verify Amount on Success Screen: 501.00
Enter Secret PIN : 8454
Click On Submit Button for Check Balance
Updated Balance is: 489979.0]]>
  </system-out>
  <testcase classname="portals.testCases.Agent.A2ATransfer" name="verifyPerformedA2ATransferFromSideMenuFromToUserPassbook" time="287.695"/>
  <system-out>
    <![CDATA[Click On Logout
Click on Sub Agent
Enter user name: 256720000011
Enter password: Agent@123
Click on Login button
Click On Passbook
Click On Filter Button
Click On Clear Button
Click On Filter Button
Select Duration Filter: Last 5 Transaction
Select Status Filter: Success
Click On Submit Button
Verify Transaction Status in Passbook
Successfully Transaction verify in To User
Click On Logout]]>
  </system-out>
</testsuite> <!-- portals.testCases.Agent.A2ATransfer -->
